[debug] [2023-01-27T17:15:07.791Z] ----------------------------------------------------------------------
[debug] [2023-01-27T17:15:07.794Z] Command:       C:\Program Files\nodejs\node.exe C:\Users\anfz1\AppData\Roaming\npm\node_modules\firebase-tools\lib\bin\firebase.js init
[debug] [2023-01-27T17:15:07.795Z] CLI Version:   11.21.0
[debug] [2023-01-27T17:15:07.795Z] Platform:      win32
[debug] [2023-01-27T17:15:07.795Z] Node Version:  v16.14.0
[debug] [2023-01-27T17:15:07.797Z] Time:          Fri Jan 27 2023 22:15:07 GMT+0500 (Pakistan Standard Time)
[debug] [2023-01-27T17:15:07.797Z] ----------------------------------------------------------------------
[debug] 
[debug] [2023-01-27T17:15:07.812Z] > command requires scopes: ["email","openid","https://www.googleapis.com/auth/cloudplatformprojects.readonly","https://www.googleapis.com/auth/firebase","https://www.googleapis.com/auth/cloud-platform"]
[debug] [2023-01-27T17:15:07.813Z] > authorizing via signed-in user (anfz12001@gmail.com)
[info] 
     ######## #### ########  ######## ########     ###     ######  ########
     ##        ##  ##     ## ##       ##     ##  ##   ##  ##       ##
     ######    ##  ########  ######   ########  #########  ######  ######
     ##        ##  ##    ##  ##       ##     ## ##     ##       ## ##
     ##       #### ##     ## ######## ########  ##     ##  ######  ########

You're about to initialize a Firebase project in this directory:

  H:\ssd folder\web\react\project by ustad haqnawaz\dil20221229

[info] 
=== Project Setup
[info] 
[info] First, let's associate this project directory with a Firebase project.
[info] You can create multiple project aliases by running firebase use --add, 
[info] but for now we'll just set up a default project.
[info] 
[info] i  If you want to create a project in a Google Cloud organization or folder, please use "firebase projects:create" instead, and return to this command when you've created the project. 
[debug] [2023-01-27T17:16:07.825Z] >>> [apiv2][query] POST https://cloudresourcemanager.googleapis.com/v1/projects [none]
[debug] [2023-01-27T17:16:07.826Z] >>> [apiv2][body] POST https://cloudresourcemanager.googleapis.com/v1/projects {"projectId":"weblib","name":"weblib"}
[debug] [2023-01-27T17:16:09.469Z] <<< [apiv2][status] POST https://cloudresourcemanager.googleapis.com/v1/projects 409
[debug] [2023-01-27T17:16:09.470Z] <<< [apiv2][body] POST https://cloudresourcemanager.googleapis.com/v1/projects {"error":{"code":409,"message":"Requested entity already exists","status":"ALREADY_EXISTS"}}
[debug] [2023-01-27T17:16:09.856Z] FirebaseError: HTTP Error: 409, Requested entity already exists
    at responseToError (C:\Users\anfz1\AppData\Roaming\npm\node_modules\firebase-tools\lib\responseToError.js:49:12)
    at RetryOperation._fn (C:\Users\anfz1\AppData\Roaming\npm\node_modules\firebase-tools\lib\apiv2.js:288:77)
    at processTicksAndRejections (node:internal/process/task_queues:96:5)
[error] 
[error] Error: Failed to create project because there is already a project with ID weblib. Please try again with a unique project ID.
